<?xml version="1.0"?>
<!-- 
   Copyright 2005 The Apache Software Foundation

   Licensed under the Apache License, Version 2.0 (the "License");
   you may not use this file except in compliance with the License.
   You may obtain a copy of the License at

       http://www.apache.org/licenses/LICENSE-2.0

   Unless required by applicable law or agreed to in writing, software
   distributed under the License is distributed on an "AS IS" BASIS,
   WITHOUT WARRANTIES OR CONDITIONS OF ANY KIND, either express or implied.
   See the License for the specific language governing permissions and
   limitations under the License.
-->

<project name="junit-report">
	<fail unless="ant.file.forrestdoc" message="Must import forrestdoc.xml first."/>	
	
	<macrodef name="junit-report">
				
		<sequential>

      <junitreport todir="${target.dir}">
        <fileset dir="${junit.report.dir}" includes="*.xml"/>
      </junitreport>

      <announce message="Generating JUnit Report ..."/>
      
      <style
        in="${target.dir}/TESTS-TestSuites.xml"
        out="${module.forrest.xdocs.dir}/junit-report.xml"
        style="${forrest.report-artifacts.dir}/junit-report.xsl"/>

			<add-report-to-menu element="junit-report" label="JUnit Tests"
				file="junit-report.html"/>
		</sequential>
	</macrodef>
</project>